# JRE version: OpenJDK Runtime Environment (21.0.3) (build 21.0.3+-12282718-b509.11)
# Java VM: OpenJDK 64-Bit Server VM (21.0.3+-12282718-b509.11, mixed mode, tiered, compressed oops, compressed class ptrs, g1 gc, windows-amd64)
GC Precious Log:
 CardTable entry size: 512
 Card Set container configuration: InlinePtr #cards 5 size 8 Array Of Cards #cards 12 size 40 Howl #buckets 4 coarsen threshold 1843 Howl Bitmap #cards 512 size 80 coarsen threshold 460 Card regions per heap region 1 cards per card region 2048
 CPUs: 4 total, 4 available
 Memory: 3858M
 Large Page Support: Disabled
 NUMA Support: Disabled
 Compressed Oops: Enabled (32-bit)
 Heap Region Size: 1M
 Heap Min Capacity: 8M
 Heap Initial Capacity: 62M
 Heap Max Capacity: 2G
 Pre-touch: Disabled
 Parallel Workers: 4
 Concurrent Workers: 1
 Concurrent Refinement Workers: 4
 Periodic GC: Disabled
Heap:
 garbage-first heap   total 157696K, used 109767K [0x0000000080000000, 0x0000000100000000)
  region size 1024K, 13 young (13312K), 7 survivors (7168K)
 Metaspace       used 76263K, committed 78144K, reserved 1179648K
  class space    used 10379K, committed 11328K, reserved 1048576K
GC Heap History (20 events):
Event: 91.793 GC heap before
{Heap before GC invocations=27 (full 0):
 garbage-first heap   total 130048K, used 89177K [0x0000000080000000, 0x0000000100000000)
  region size 1024K, 16 young (16384K), 2 survivors (2048K)
 Metaspace       used 60362K, committed 61888K, reserved 1114112K
  class space    used 8153K, committed 8896K, reserved 1048576K
}
Event: 91.806 GC heap after
{Heap after GC invocations=28 (full 0):
 garbage-first heap   total 130048K, used 76081K [0x0000000080000000, 0x0000000100000000)
  region size 1024K, 2 young (2048K), 2 survivors (2048K)
 Metaspace       used 60362K, committed 61888K, reserved 1114112K
  class space    used 8153K, committed 8896K, reserved 1048576K
}
Event: 94.779 GC heap before
{Heap before GC invocations=28 (full 0):
 garbage-first heap   total 130048K, used 111921K [0x0000000080000000, 0x0000000100000000)
  region size 1024K, 37 young (37888K), 2 survivors (2048K)
 Metaspace       used 65429K, committed 67008K, reserved 1114112K
  class space    used 8908K, committed 9664K, reserved 1048576K
}
Event: 94.791 GC heap after
{Heap after GC invocations=29 (full 0):
 garbage-first heap   total 130048K, used 74939K [0x0000000080000000, 0x0000000100000000)
  region size 1024K, 2 young (2048K), 2 survivors (2048K)
 Metaspace       used 65429K, committed 67008K, reserved 1114112K
  class space    used 8908K, committed 9664K, reserved 1048576K
}
Event: 104.346 GC heap before
{Heap before GC invocations=29 (full 0):
 garbage-first heap   total 130048K, used 114875K [0x0000000080000000, 0x0000000100000000)
  region size 1024K, 42 young (43008K), 2 survivors (2048K)
 Metaspace       used 69884K, committed 71616K, reserved 1114112K
  class space    used 9630K, committed 10496K, reserved 1048576K
}
Event: 104.373 GC heap after
{Heap after GC invocations=30 (full 0):
 garbage-first heap   total 130048K, used 77166K [0x0000000080000000, 0x0000000100000000)
  region size 1024K, 5 young (5120K), 5 survivors (5120K)
 Metaspace       used 69884K, committed 71616K, reserved 1114112K
  class space    used 9630K, committed 10496K, reserved 1048576K
}
Event: 114.677 GC heap before
{Heap before GC invocations=31 (full 0):
 garbage-first heap   total 135168K, used 114030K [0x0000000080000000, 0x0000000100000000)
  region size 1024K, 42 young (43008K), 5 survivors (5120K)
 Metaspace       used 72142K, committed 73920K, reserved 1114112K
  class space    used 9924K, committed 10816K, reserved 1048576K
}
Event: 114.727 GC heap after
{Heap after GC invocations=32 (full 0):
 garbage-first heap   total 135168K, used 81107K [0x0000000080000000, 0x0000000100000000)
  region size 1024K, 6 young (6144K), 6 survivors (6144K)
 Metaspace       used 72142K, committed 73920K, reserved 1114112K
  class space    used 9924K, committed 10816K, reserved 1048576K
}
Event: 131.357 GC heap before
{Heap before GC invocations=32 (full 0):
 garbage-first heap   total 135168K, used 118995K [0x0000000080000000, 0x0000000100000000)
  region size 1024K, 44 young (45056K), 6 survivors (6144K)
 Metaspace       used 72547K, committed 74304K, reserved 1114112K
  class space    used 9930K, committed 10816K, reserved 1048576K
}
Event: 131.392 GC heap after
{Heap after GC invocations=33 (full 0):
 garbage-first heap   total 135168K, used 83932K [0x0000000080000000, 0x0000000100000000)
  region size 1024K, 5 young (5120K), 5 survivors (5120K)
 Metaspace       used 72547K, committed 74304K, reserved 1114112K
  class space    used 9930K, committed 10816K, reserved 1048576K
}
Event: 133.791 GC heap before
{Heap before GC invocations=33 (full 0):
 garbage-first heap   total 135168K, used 119772K [0x0000000080000000, 0x0000000100000000)
  region size 1024K, 41 young (41984K), 5 survivors (5120K)
 Metaspace       used 72747K, committed 74560K, reserved 1114112K
  class space    used 9930K, committed 10816K, reserved 1048576K
}
Event: 133.805 GC heap after
{Heap after GC invocations=34 (full 0):
 garbage-first heap   total 135168K, used 84891K [0x0000000080000000, 0x0000000100000000)
  region size 1024K, 4 young (4096K), 4 survivors (4096K)
 Metaspace       used 72747K, committed 74560K, reserved 1114112K
  class space    used 9930K, committed 10816K, reserved 1048576K
}
Event: 137.285 GC heap before
{Heap before GC invocations=35 (full 0):
 garbage-first heap   total 147456K, used 121755K [0x0000000080000000, 0x0000000100000000)
  region size 1024K, 40 young (40960K), 4 survivors (4096K)
 Metaspace       used 72751K, committed 74560K, reserved 1114112K
  class space    used 9931K, committed 10816K, reserved 1048576K
}
Event: 137.318 GC heap after
{Heap after GC invocations=36 (full 0):
 garbage-first heap   total 147456K, used 86311K [0x0000000080000000, 0x0000000100000000)
  region size 1024K, 4 young (4096K), 4 survivors (4096K)
 Metaspace       used 72751K, committed 74560K, reserved 1114112K
  class space    used 9931K, committed 10816K, reserved 1048576K
}
Event: 142.840 GC heap before
{Heap before GC invocations=36 (full 0):
 garbage-first heap   total 147456K, used 134439K [0x0000000080000000, 0x0000000100000000)
  region size 1024K, 51 young (52224K), 4 survivors (4096K)
 Metaspace       used 72863K, committed 74688K, reserved 1114112K
  class space    used 9951K, committed 10880K, reserved 1048576K
}
Event: 142.907 GC heap after
{Heap after GC invocations=37 (full 0):
 garbage-first heap   total 147456K, used 84405K [0x0000000080000000, 0x0000000100000000)
  region size 1024K, 3 young (3072K), 3 survivors (3072K)
 Metaspace       used 72863K, committed 74688K, reserved 1114112K
  class space    used 9951K, committed 10880K, reserved 1048576K
}
Event: 144.199 GC heap before
{Heap before GC invocations=37 (full 0):
 garbage-first heap   total 147456K, used 86453K [0x0000000080000000, 0x0000000100000000)
  region size 1024K, 6 young (6144K), 3 survivors (3072K)
 Metaspace       used 72895K, committed 74752K, reserved 1114112K
  class space    used 9953K, committed 10880K, reserved 1048576K
}
Event: 144.315 GC heap after
{Heap after GC invocations=38 (full 0):
 garbage-first heap   total 147456K, used 84325K [0x0000000080000000, 0x0000000100000000)
  region size 1024K, 3 young (3072K), 3 survivors (3072K)
 Metaspace       used 72895K, committed 74752K, reserved 1114112K
  class space    used 9953K, committed 10880K, reserved 1048576K
}
Event: 190.916 GC heap before
{Heap before GC invocations=39 (full 0):
 garbage-first heap   total 147456K, used 145765K [0x0000000080000000, 0x0000000100000000)
  region size 1024K, 49 young (50176K), 3 survivors (3072K)
 Metaspace       used 75857K, committed 77696K, reserved 1179648K
  class space    used 10335K, committed 11264K, reserved 1048576K
}
Event: 190.954 GC heap after
{Heap after GC invocations=40 (full 0):
 garbage-first heap   total 157696K, used 105671K [0x0000000080000000, 0x0000000100000000)
  region size 1024K, 7 young (7168K), 7 survivors (7168K)
 Metaspace       used 75857K, committed 77696K, reserved 1179648K
  class space    used 10335K, committed 11264K, reserved 1048576K
}

